2024-09-05 20:50:25 INFO:Reading corpus from '/home/connor/2024/current_corpora/vo_wiki_cleaned.txt'...
2024-09-05 20:50:25 INFO:Detected utf-8 encoding
2024-09-05 20:50:26 INFO:Done.
2024-09-05 20:50:27 INFO:Compounds in training data: 15465 types / 15465 tokens
2024-09-05 20:50:27 INFO:Starting batch training
2024-09-05 20:50:27 INFO:Epochs: 0	Cost: 418544.67452251015
2024-09-05 20:50:32 INFO:Epochs: 1	Cost: 373324.0591416296
2024-09-05 20:50:39 INFO:Epochs: 2	Cost: 353841.1420412892
2024-09-05 20:50:46 INFO:Epochs: 3	Cost: 345776.5147597239
2024-09-05 20:50:53 INFO:Epochs: 4	Cost: 343219.61868681543
2024-09-05 20:51:00 INFO:Epochs: 5	Cost: 342279.48273734254
2024-09-05 20:51:07 INFO:Epochs: 6	Cost: 341884.51958105504
2024-09-05 20:51:14 INFO:Epochs: 7	Cost: 341687.05581589416
2024-09-05 20:51:22 INFO:Epochs: 8	Cost: 341577.5682532861
2024-09-05 20:51:29 INFO:Epochs: 9	Cost: 341537.07089859556
2024-09-05 20:51:29 INFO:Done.
2024-09-05 20:51:29 INFO:Epochs: 9
2024-09-05 20:51:29 INFO:Final cost: 341537.07089859556
2024-09-05 20:51:29 INFO:Training time: 63.803s
2024-09-05 20:51:29 INFO:Saving segmentations to '/home/connor/2024/segmodels/vo_model.segm'...
2024-09-05 20:51:29 INFO:Done.
